c:\users\takahiro\onedrive\happy2nya\h2n_v52\h2n\h2n\release\vc140.pdb
c:\users\takahiro\onedrive\happy2nya\h2n_v52\h2n\h2n\release\designmanager.obj
c:\users\takahiro\onedrive\happy2nya\h2n_v52\h2n\h2n\release\debugprint.obj
c:\users\takahiro\onedrive\happy2nya\h2n_v52\h2n\h2n\release\armsupdater.obj
c:\users\takahiro\onedrive\happy2nya\h2n_v52\h2n\h2n\release\armsmanager.obj
c:\users\takahiro\onedrive\happy2nya\h2n_v52\h2n\h2n\release\target3arena.obj
c:\users\takahiro\onedrive\happy2nya\h2n_v52\h2n\h2n\release\target1denso.obj
c:\users\takahiro\onedrive\happy2nya\h2n_v52\h2n\h2n\release\nyawindow.obj
c:\users\takahiro\onedrive\happy2nya\h2n_v52\h2n\h2n\release\sample.obj
c:\users\takahiro\onedrive\happy2nya\h2n_v52\h2n\h2n\release\result.obj
c:\users\takahiro\onedrive\happy2nya\h2n_v52\h2n\h2n\release\map.obj
c:\users\takahiro\onedrive\happy2nya\h2n_v52\h2n\h2n\release\stagecontinue.obj
c:\users\takahiro\onedrive\happy2nya\h2n_v52\h2n\h2n\release\stagesound.obj
c:\users\takahiro\onedrive\happy2nya\h2n_v52\h2n\h2n\release\stage1.obj
c:\users\takahiro\onedrive\happy2nya\h2n_v52\h2n\h2n\release\stage.obj
c:\users\takahiro\onedrive\happy2nya\h2n_v52\h2n\h2n\release\nyastring.obj
c:\users\takahiro\onedrive\happy2nya\h2n_v52\h2n\h2n\release\nyadesign.obj
c:\users\takahiro\onedrive\happy2nya\h2n_v52\h2n\h2n\release\nyadevice.obj
c:\users\takahiro\onedrive\happy2nya\h2n_v52\h2n\h2n\release\design.obj
c:\users\takahiro\onedrive\happy2nya\h2n_v52\h2n\h2n\release\boss4mdrtb.obj
c:\users\takahiro\onedrive\happy2nya\h2n_v52\h2n\h2n\release\boss3oxa48.obj
c:\users\takahiro\onedrive\happy2nya\h2n_v52\h2n\h2n\release\target1erythro.obj
c:\users\takahiro\onedrive\happy2nya\h2n_v52\h2n\h2n\release\target3asfar.obj
c:\users\takahiro\onedrive\happy2nya\h2n_v52\h2n\h2n\release\target1anello.obj
c:\users\takahiro\onedrive\happy2nya\h2n_v52\h2n\h2n\release\stagetarget.obj
c:\users\takahiro\onedrive\happy2nya\h2n_v52\h2n\h2n\release\target.obj
c:\users\takahiro\onedrive\happy2nya\h2n_v52\h2n\h2n\release\soundupdater.obj
c:\users\takahiro\onedrive\happy2nya\h2n_v52\h2n\h2n\release\soundmanager.obj
c:\users\takahiro\onedrive\happy2nya\h2n_v52\h2n\h2n\release\posupdater.obj
c:\users\takahiro\onedrive\happy2nya\h2n_v52\h2n\h2n\release\posmanager.obj
c:\users\takahiro\onedrive\happy2nya\h2n_v52\h2n\h2n\release\object.obj
c:\users\takahiro\onedrive\happy2nya\h2n_v52\h2n\h2n\release\main.obj
c:\users\takahiro\onedrive\happy2nya\h2n_v52\h2n\h2n\release\keyupdater.obj
c:\users\takahiro\onedrive\happy2nya\h2n_v52\h2n\h2n\release\keymanager.obj
c:\users\takahiro\onedrive\happy2nya\h2n_v52\h2n\h2n\release\imgupdater.obj
c:\users\takahiro\onedrive\happy2nya\h2n_v52\h2n\h2n\release\imgmanager.obj
c:\users\takahiro\onedrive\happy2nya\h2n_v52\h2n\h2n\release\fpsupdater.obj
c:\users\takahiro\onedrive\happy2nya\h2n_v52\h2n\h2n\release\fpsmanager.obj
c:\users\takahiro\onedrive\happy2nya\h2n_v52\h2n\h2n\release\effectupdater.obj
c:\users\takahiro\onedrive\happy2nya\h2n_v52\h2n\h2n\release\effectmanager.obj
c:\users\takahiro\onedrive\happy2nya\h2n_v52\h2n\h2n\release\designupdater.obj
c:\users\takahiro\onedrive\happy2nya\h2n_v52\h2n\h2n\release\title.obj
c:\users\takahiro\onedrive\happy2nya\h2n_v52\h2n\h2n\release\teemodesign.obj
c:\users\takahiro\onedrive\happy2nya\h2n_v52\h2n\h2n\release\target4retro.obj
c:\users\takahiro\onedrive\happy2nya\h2n_v52\h2n\h2n\release\target4hepadna.obj
c:\users\takahiro\onedrive\happy2nya\h2n_v52\h2n\h2n\release\target4denso.obj
c:\users\takahiro\onedrive\happy2nya\h2n_v52\h2n\h2n\release\target4caulimo.obj
c:\users\takahiro\onedrive\happy2nya\h2n_v52\h2n\h2n\release\target4borna.obj
c:\users\takahiro\onedrive\happy2nya\h2n_v52\h2n\h2n\release\target4.obj
c:\users\takahiro\onedrive\happy2nya\h2n_v52\h2n\h2n\release\target3rhabdo.obj
c:\users\takahiro\onedrive\happy2nya\h2n_v52\h2n\h2n\release\target3filo.obj
c:\users\takahiro\onedrive\happy2nya\h2n_v52\h2n\h2n\release\target3.obj
c:\users\takahiro\onedrive\happy2nya\h2n_v52\h2n\h2n\release\target2seadma.obj
c:\users\takahiro\onedrive\happy2nya\h2n_v52\h2n\h2n\release\target1sipho.obj
c:\users\takahiro\onedrive\happy2nya\h2n_v52\h2n\h2n\release\target1virga.obj
c:\users\takahiro\onedrive\happy2nya\h2n_v52\h2n\h2n\release\target1picorna.obj
c:\users\takahiro\onedrive\happy2nya\h2n_v52\h2n\h2n\release\target3corona.obj
c:\users\takahiro\onedrive\happy2nya\h2n_v52\h2n\h2n\release\target3bunya.obj
c:\users\takahiro\onedrive\happy2nya\h2n_v52\h2n\h2n\release\boss1mrab.obj
c:\users\takahiro\onedrive\happy2nya\h2n_v52\h2n\h2n\release\target2colti.obj
c:\users\takahiro\onedrive\happy2nya\h2n_v52\h2n\h2n\release\target2.obj
c:\users\takahiro\onedrive\happy2nya\h2n_v52\h2n\h2n\release\user1b.obj
c:\users\takahiro\onedrive\happy2nya\h2n_v52\h2n\h2n\release\user1.obj
c:\users\takahiro\onedrive\happy2nya\h2n_v52\h2n\release\h2n.exe
c:\users\takahiro\onedrive\happy2nya\h2n_v52\h2n\release\h2n.ipdb
c:\users\takahiro\onedrive\happy2nya\h2n_v52\h2n\release\h2n.iobj
c:\users\takahiro\onedrive\happy2nya\h2n_v52\h2n\release\h2n.pdb
c:\users\takahiro\onedrive\happy2nya\h2n_v52\h2n\h2n\release\h2n.tlog\cl.command.1.tlog
c:\users\takahiro\onedrive\happy2nya\h2n_v52\h2n\h2n\release\h2n.tlog\cl.read.1.tlog
c:\users\takahiro\onedrive\happy2nya\h2n_v52\h2n\h2n\release\h2n.tlog\cl.write.1.tlog
c:\users\takahiro\onedrive\happy2nya\h2n_v52\h2n\h2n\release\h2n.tlog\link.command.1.tlog
c:\users\takahiro\onedrive\happy2nya\h2n_v52\h2n\h2n\release\h2n.tlog\link.read.1.tlog
c:\users\takahiro\onedrive\happy2nya\h2n_v52\h2n\h2n\release\h2n.tlog\link.write.1.tlog
